<?xml version="1.0" encoding="UTF-8" standalone="no"?>
<testsuite failures="0" name="cucumber.runtime.formatter.JUnitFormatter" skipped="0" tests="7" time="656.712137">
<testcase classname="check the functionality of Renewel request for all scenarios" name="Rise a Renewal apllication Request with first RPM User" time="120.194127">
<system-out><![CDATA[Given enter url application into "chrome" for Renewal flow..................passed
When first RPM User login with valid creditinals for Renewal process........passed
Then Rise a Renewal Request with  first RPM User 2221.......................passed
Then logout  fifth RPM User after rise a Renewal process....................passed
]]></system-out>
</testcase>
<testcase classname="check the functionality of Renewel request for all scenarios" name="Check the status of the  Renewal application  with first NOC User" time="80.657983">
<system-out><![CDATA[When first NOC User login with valid creditinals for renewal process........passed
Then check the "Approved" status a Renewal Request with  first NOC User 2221.passed
Then logout  first NOC User after rise a Renewal process....................passed
]]></system-out>
</testcase>
<testcase classname="check the functionality of Renewel request for all scenarios" name="Check the status of the Renewal apllication for with first Legal User" time="76.748553">
<system-out><![CDATA[When first Legal User login with valid creditinals for Renewal process......passed
Then Request send to FCC of Renewal Request with  first Legal User 2221.....passed
Then logout first Legal User after rise a Renewal process...................passed
]]></system-out>
</testcase>
<testcase classname="check the functionality of Renewel request for all scenarios" name="Rise a Renewal apllication Request with second RPM User" time="109.973149">
<system-out><![CDATA[When second RPM User login with valid creditinals for Renewal process.......passed
Then Rise a Renewal Request with  second RPM User 2222......................passed
Then logout  second RPM User after rise a Renewal process...................passed
]]></system-out>
</testcase>
<testcase classname="check the functionality of Renewel request for all scenarios" name="Check the status of the  Renewal application  with second NOC User" time="80.809399">
<system-out><![CDATA[When second NOC User login with valid creditinals for renewal process.......passed
Then check the "Rejected" status a Renewal Request with  second NOC User 2222.passed
Then logout  second NOC User after rise a Renewal process...................passed
]]></system-out>
</testcase>
<testcase classname="check the functionality of Renewel request for all scenarios" name="Rise a Renewal apllication Request with third RPM User" time="107.608589">
<system-out><![CDATA[When third RPM User login with valid creditinals for Renewal process........passed
Then Rise a Renewal Request with  third RPM User 2223.......................passed
Then logout  third RPM User after rise a Renewal process....................passed
]]></system-out>
</testcase>
<testcase classname="check the functionality of Renewel request for all scenarios" name="Check the status of the  Renewal application  with third NOC User" time="80.720337">
<system-out><![CDATA[When third NOC User login with valid creditinals for renewal process........passed
Then check the "Approved" status a Renewal Request with  third NOC User 2223.passed
Then logout  third NOC User after rise a Renewal process....................passed
]]></system-out>
</testcase>
</testsuite>
