<?xml version="1.0" encoding="UTF-8" standalone="no"?>
<testsuite failures="0" name="cucumber.runtime.formatter.JUnitFormatter" skipped="0" tests="5" time="286.975325">
<testcase classname="check the Functionlaity of  signal Cancelation flow of the pathway tool" name="Rise a cancelation request with Market user" time="98.83775">
<system-out><![CDATA[Given Enter Url of application into the "chrome" browser....................passed
When Market user loginwith valid credtinals for Cancelation process.........passed
Then Rise a Cancelation request with Marketuser 199.........................passed
Then Logout MarketUser after rise a request for  Cancelation................passed
]]></system-out>
</testcase>
<testcase classname="check the Functionlaity of  signal Cancelation flow of the pathway tool" name="Check the status of Cancelation Request with RPM user" time="45.523853">
<system-out><![CDATA[When RPM user login with valid credtinals for Cancelation process...........passed
Then RPM user "Approved" Cancelation signal.................................passed
Then Logout RPM user after check the status of cancelation request..........passed
]]></system-out>
</testcase>
<testcase classname="check the Functionlaity of  signal Cancelation flow of the pathway tool" name="Check the staus of the Cancelation Request with RRM user" time="45.780567">
<system-out><![CDATA[When RRM user login with valid credtinals for Cancelation process...........passed
Then RRM user "Approved" Cancelation Signal.................................passed
Then Logout RRM user after check the status of cancelation request..........passed
]]></system-out>
</testcase>
<testcase classname="check the Functionlaity of  signal Cancelation flow of the pathway tool" name="Check the status of the Cancelation Request with NOC user" time="51.620739">
<system-out><![CDATA[When NOC user login with Vlaid credtinals for Cancletaion process...........passed
Then NOC user "Rejected" Cancelation signal.................................passed
Then Logout NOC user after suucesful check the status of Cancelation Process.passed
]]></system-out>
</testcase>
<testcase classname="check the Functionlaity of  signal Cancelation flow of the pathway tool" name="Check the status of the Cancelation Request Legal user" time="45.212416">
<system-out><![CDATA[When LEGAL user login with valid credtinals for Cancelation Process.........passed
Then Request send to FCC with Legal user....................................passed
Then Logout LEGAL user after succesful Cancelation Request Send to FCC......passed
]]></system-out>
</testcase>
</testsuite>
