# JRE version: Java(TM) SE Runtime Environment (8.0_191-b12) (build 1.8.0_191-b12)
# Java VM: Java HotSpot(TM) 64-Bit Server VM (25.191-b12 mixed mode windows-amd64 compressed oops)
Heap:
 PSYoungGen      total 459264K, used 286786K [0x00000000d5f80000, 0x0000000100000000, 0x0000000100000000)
  eden space 229888K, 97% used [0x00000000d5f80000,0x00000000e3b108d8,0x00000000e4000000)
  from space 229376K, 27% used [0x00000000f2000000,0x00000000f5c80000,0x0000000100000000)
  to   space 229376K, 33% used [0x00000000e4000000,0x00000000e8a73b60,0x00000000f2000000)
 ParOldGen       total 1147392K, used 380616K [0x0000000081e00000, 0x00000000c7e80000, 0x00000000d5f80000)
  object space 1147392K, 33% used [0x0000000081e00000,0x00000000991b2250,0x00000000c7e80000)
 Metaspace       used 27969K, capacity 29018K, committed 29312K, reserved 1075200K
  class space    used 3606K, capacity 3851K, committed 3968K, reserved 1048576K
GC Heap History (10 events):
Event: 154.077 GC heap after
Heap after GC invocations=81 (full 12):
 PSYoungGen      total 459264K, used 32232K [0x00000000d5f80000, 0x0000000100000000, 0x0000000100000000)
  eden space 229888K, 0% used [0x00000000d5f80000,0x00000000d5f80000,0x00000000e4000000)
  from space 229376K, 14% used [0x00000000e4000000,0x00000000e5f7a1c8,0x00000000f2000000)
  to   space 229376K, 0% used [0x00000000f2000000,0x00000000f2000000,0x0000000100000000)
 ParOldGen       total 1203200K, used 897434K [0x0000000081e00000, 0x00000000cb500000, 0x00000000d5f80000)
  object space 1203200K, 74% used [0x0000000081e00000,0x00000000b8a66918,0x00000000cb500000)
 Metaspace       used 27945K, capacity 29018K, committed 29312K, reserved 1075200K
  class space    used 3606K, capacity 3851K, committed 3968K, reserved 1048576K
}
Event: 154.362 GC heap before
{Heap before GC invocations=82 (full 12):
 PSYoungGen      total 459264K, used 262120K [0x00000000d5f80000, 0x0000000100000000, 0x0000000100000000)
  eden space 229888K, 100% used [0x00000000d5f80000,0x00000000e4000000,0x00000000e4000000)
  from space 229376K, 14% used [0x00000000e4000000,0x00000000e5f7a1c8,0x00000000f2000000)
  to   space 229376K, 0% used [0x00000000f2000000,0x00000000f2000000,0x0000000100000000)
 ParOldGen       total 1203200K, used 897434K [0x0000000081e00000, 0x00000000cb500000, 0x00000000d5f80000)
  object space 1203200K, 74% used [0x0000000081e00000,0x00000000b8a66918,0x00000000cb500000)
 Metaspace       used 27959K, capacity 29018K, committed 29312K, reserved 1075200K
  class space    used 3606K, capacity 3851K, committed 3968K, reserved 1048576K
Event: 154.411 GC heap after
Heap after GC invocations=82 (full 12):
 PSYoungGen      total 459264K, used 143584K [0x00000000d5f80000, 0x0000000100000000, 0x0000000100000000)
  eden space 229888K, 0% used [0x00000000d5f80000,0x00000000d5f80000,0x00000000e4000000)
  from space 229376K, 62% used [0x00000000f2000000,0x00000000fac38308,0x0000000100000000)
  to   space 229376K, 0% used [0x00000000e4000000,0x00000000e4000000,0x00000000f2000000)
 ParOldGen       total 1203200K, used 952275K [0x0000000081e00000, 0x00000000cb500000, 0x00000000d5f80000)
  object space 1203200K, 79% used [0x0000000081e00000,0x00000000bbff4fc0,0x00000000cb500000)
 Metaspace       used 27959K, capacity 29018K, committed 29312K, reserved 1075200K
  class space    used 3606K, capacity 3851K, committed 3968K, reserved 1048576K
}
Event: 154.741 GC heap before
{Heap before GC invocations=83 (full 12):
 PSYoungGen      total 459264K, used 373472K [0x00000000d5f80000, 0x0000000100000000, 0x0000000100000000)
  eden space 229888K, 100% used [0x00000000d5f80000,0x00000000e4000000,0x00000000e4000000)
  from space 229376K, 62% used [0x00000000f2000000,0x00000000fac38308,0x0000000100000000)
  to   space 229376K, 0% used [0x00000000e4000000,0x00000000e4000000,0x00000000f2000000)
 ParOldGen       total 1203200K, used 952275K [0x0000000081e00000, 0x00000000cb500000, 0x00000000d5f80000)
  object space 1203200K, 79% used [0x0000000081e00000,0x00000000bbff4fc0,0x00000000cb500000)
 Metaspace       used 27959K, capacity 29018K, committed 29312K, reserved 1075200K
  class space    used 3606K, capacity 3851K, committed 3968K, reserved 1048576K
Event: 154.881 GC heap after
Heap after GC invocations=83 (full 12):
 PSYoungGen      total 459264K, used 167622K [0x00000000d5f80000, 0x0000000100000000, 0x0000000100000000)
  eden space 229888K, 0% used [0x00000000d5f80000,0x00000000d5f80000,0x00000000e4000000)
  from space 229376K, 73% used [0x00000000e4000000,0x00000000ee3b1ae0,0x00000000f2000000)
  to   space 229376K, 0% used [0x00000000f2000000,0x00000000f2000000,0x0000000100000000)
 ParOldGen       total 1203200K, used 1087698K [0x0000000081e00000, 0x00000000cb500000, 0x00000000d5f80000)
  object space 1203200K, 90% used [0x0000000081e00000,0x00000000c4434a88,0x00000000cb500000)
 Metaspace       used 27959K, capacity 29018K, committed 29312K, reserved 1075200K
  class space    used 3606K, capacity 3851K, committed 3968K, reserved 1048576K
}
Event: 154.881 GC heap before
{Heap before GC invocations=84 (full 13):
 PSYoungGen      total 459264K, used 167622K [0x00000000d5f80000, 0x0000000100000000, 0x0000000100000000)
  eden space 229888K, 0% used [0x00000000d5f80000,0x00000000d5f80000,0x00000000e4000000)
  from space 229376K, 73% used [0x00000000e4000000,0x00000000ee3b1ae0,0x00000000f2000000)
  to   space 229376K, 0% used [0x00000000f2000000,0x00000000f2000000,0x0000000100000000)
 ParOldGen       total 1203200K, used 1087698K [0x0000000081e00000, 0x00000000cb500000, 0x00000000d5f80000)
  object space 1203200K, 90% used [0x0000000081e00000,0x00000000c4434a88,0x00000000cb500000)
 Metaspace       used 27959K, capacity 29018K, committed 29312K, reserved 1075200K
  class space    used 3606K, capacity 3851K, committed 3968K, reserved 1048576K
Event: 155.309 GC heap after
Heap after GC invocations=84 (full 13):
 PSYoungGen      total 459264K, used 0K [0x00000000d5f80000, 0x0000000100000000, 0x0000000100000000)
  eden space 229888K, 0% used [0x00000000d5f80000,0x00000000d5f80000,0x00000000e4000000)
  from space 229376K, 0% used [0x00000000e4000000,0x00000000e4000000,0x00000000f2000000)
  to   space 229376K, 0% used [0x00000000f2000000,0x00000000f2000000,0x0000000100000000)
 ParOldGen       total 1147392K, used 318608K [0x0000000081e00000, 0x00000000c7e80000, 0x00000000d5f80000)
  object space 1147392K, 27% used [0x0000000081e00000,0x0000000095524250,0x00000000c7e80000)
 Metaspace       used 27959K, capacity 29018K, committed 29312K, reserved 1075200K
  class space    used 3606K, capacity 3851K, committed 3968K, reserved 1048576K
}
Event: 155.729 GC heap before
{Heap before GC invocations=85 (full 13):
 PSYoungGen      total 459264K, used 229888K [0x00000000d5f80000, 0x0000000100000000, 0x0000000100000000)
  eden space 229888K, 100% used [0x00000000d5f80000,0x00000000e4000000,0x00000000e4000000)
  from space 229376K, 0% used [0x00000000e4000000,0x00000000e4000000,0x00000000f2000000)
  to   space 229376K, 0% used [0x00000000f2000000,0x00000000f2000000,0x0000000100000000)
 ParOldGen       total 1147392K, used 318608K [0x0000000081e00000, 0x00000000c7e80000, 0x00000000d5f80000)
  object space 1147392K, 27% used [0x0000000081e00000,0x0000000095524250,0x00000000c7e80000)
 Metaspace       used 27959K, capacity 29018K, committed 29312K, reserved 1075200K
  class space    used 3606K, capacity 3851K, committed 3968K, reserved 1048576K
Event: 155.771 GC heap after
Heap after GC invocations=85 (full 13):
 PSYoungGen      total 459264K, used 61952K [0x00000000d5f80000, 0x0000000100000000, 0x0000000100000000)
  eden space 229888K, 0% used [0x00000000d5f80000,0x00000000d5f80000,0x00000000e4000000)
  from space 229376K, 27% used [0x00000000f2000000,0x00000000f5c80000,0x0000000100000000)
  to   space 229376K, 0% used [0x00000000e4000000,0x00000000e4000000,0x00000000f2000000)
 ParOldGen       total 1147392K, used 318608K [0x0000000081e00000, 0x00000000c7e80000, 0x00000000d5f80000)
  object space 1147392K, 27% used [0x0000000081e00000,0x0000000095524250,0x00000000c7e80000)
 Metaspace       used 27959K, capacity 29018K, committed 29312K, reserved 1075200K
  class space    used 3606K, capacity 3851K, committed 3968K, reserved 1048576K
}
Event: 156.151 GC heap before
{Heap before GC invocations=86 (full 13):
 PSYoungGen      total 459264K, used 286786K [0x00000000d5f80000, 0x0000000100000000, 0x0000000100000000)
  eden space 229888K, 97% used [0x00000000d5f80000,0x00000000e3b108d8,0x00000000e4000000)
  from space 229376K, 27% used [0x00000000f2000000,0x00000000f5c80000,0x0000000100000000)
  to   space 229376K, 0% used [0x00000000e4000000,0x00000000e4000000,0x00000000f2000000)
 ParOldGen       total 1147392K, used 318608K [0x0000000081e00000, 0x00000000c7e80000, 0x00000000d5f80000)
  object space 1147392K, 27% used [0x0000000081e00000,0x0000000095524250,0x00000000c7e80000)
 Metaspace       used 27969K, capacity 29018K, committed 29312K, reserved 1075200K
  class space    used 3606K, capacity 3851K, committed 3968K, reserved 1048576K

