# JRE version: Java(TM) SE Runtime Environment (8.0_191-b12) (build 1.8.0_191-b12)
# Java VM: Java HotSpot(TM) 64-Bit Server VM (25.191-b12 mixed mode windows-amd64 compressed oops)
Heap:
 PSYoungGen      total 459264K, used 61984K [0x00000000d5f80000, 0x0000000100000000, 0x0000000100000000)
  eden space 229888K, 0% used [0x00000000d5f80000,0x00000000d5f80000,0x00000000e4000000)
  from space 229376K, 27% used [0x00000000e4000000,0x00000000e7c88000,0x00000000f2000000)
  to   space 229376K, 0% used [0x00000000f2000000,0x00000000f2000000,0x0000000100000000)
 ParOldGen       total 1377792K, used 1257924K [0x0000000081e00000, 0x00000000d5f80000, 0x00000000d5f80000)
  object space 1377792K, 91% used [0x0000000081e00000,0x00000000cea710e8,0x00000000d5f80000)
 Metaspace       used 27731K, capacity 28758K, committed 29056K, reserved 1075200K
  class space    used 3587K, capacity 3853K, committed 3968K, reserved 1048576K
GC Heap History (10 events):
Event: 169.195 GC heap after
Heap after GC invocations=138 (full 18):
 PSYoungGen      total 306688K, used 76302K [0x00000000d5f80000, 0x00000000ff800000, 0x0000000100000000)
  eden space 229888K, 0% used [0x00000000d5f80000,0x00000000d5f80000,0x00000000e4000000)
  from space 76800K, 99% used [0x00000000e4000000,0x00000000e8a83b60,0x00000000e8b00000)
  to   space 225280K, 0% used [0x00000000f1c00000,0x00000000f1c00000,0x00000000ff800000)
 ParOldGen       total 1377792K, used 838766K [0x0000000081e00000, 0x00000000d5f80000, 0x00000000d5f80000)
  object space 1377792K, 60% used [0x0000000081e00000,0x00000000b511bac8,0x00000000d5f80000)
 Metaspace       used 27724K, capacity 28758K, committed 29056K, reserved 1075200K
  class space    used 3587K, capacity 3853K, committed 3968K, reserved 1048576K
}
Event: 169.616 GC heap before
{Heap before GC invocations=139 (full 18):
 PSYoungGen      total 306688K, used 306190K [0x00000000d5f80000, 0x00000000ff800000, 0x0000000100000000)
  eden space 229888K, 100% used [0x00000000d5f80000,0x00000000e4000000,0x00000000e4000000)
  from space 76800K, 99% used [0x00000000e4000000,0x00000000e8a83b60,0x00000000e8b00000)
  to   space 225280K, 0% used [0x00000000f1c00000,0x00000000f1c00000,0x00000000ff800000)
 ParOldGen       total 1377792K, used 838766K [0x0000000081e00000, 0x00000000d5f80000, 0x00000000d5f80000)
  object space 1377792K, 60% used [0x0000000081e00000,0x00000000b511bac8,0x00000000d5f80000)
 Metaspace       used 27725K, capacity 28758K, committed 29056K, reserved 1075200K
  class space    used 3587K, capacity 3853K, committed 3968K, reserved 1048576K
Event: 169.698 GC heap after
Heap after GC invocations=139 (full 18):
 PSYoungGen      total 457728K, used 32552K [0x00000000d5f80000, 0x0000000100000000, 0x0000000100000000)
  eden space 232448K, 0% used [0x00000000d5f80000,0x00000000d5f80000,0x00000000e4280000)
  from space 225280K, 14% used [0x00000000f1c00000,0x00000000f3bca1c8,0x00000000ff800000)
  to   space 222720K, 0% used [0x00000000e4280000,0x00000000e4280000,0x00000000f1c00000)
 ParOldGen       total 1377792K, used 892255K [0x0000000081e00000, 0x00000000d5f80000, 0x00000000d5f80000)
  object space 1377792K, 64% used [0x0000000081e00000,0x00000000b8557e28,0x00000000d5f80000)
 Metaspace       used 27725K, capacity 28758K, committed 29056K, reserved 1075200K
  class space    used 3587K, capacity 3853K, committed 3968K, reserved 1048576K
}
Event: 170.726 GC heap before
{Heap before GC invocations=140 (full 18):
 PSYoungGen      total 457728K, used 265000K [0x00000000d5f80000, 0x0000000100000000, 0x0000000100000000)
  eden space 232448K, 100% used [0x00000000d5f80000,0x00000000e4280000,0x00000000e4280000)
  from space 225280K, 14% used [0x00000000f1c00000,0x00000000f3bca1c8,0x00000000ff800000)
  to   space 222720K, 0% used [0x00000000e4280000,0x00000000e4280000,0x00000000f1c00000)
 ParOldGen       total 1377792K, used 892255K [0x0000000081e00000, 0x00000000d5f80000, 0x00000000d5f80000)
  object space 1377792K, 64% used [0x0000000081e00000,0x00000000b8557e28,0x00000000d5f80000)
 Metaspace       used 27731K, capacity 28758K, committed 29056K, reserved 1075200K
  class space    used 3587K, capacity 3853K, committed 3968K, reserved 1048576K
Event: 170.815 GC heap after
Heap after GC invocations=140 (full 18):
 PSYoungGen      total 455168K, used 167329K [0x00000000d5f80000, 0x0000000100000000, 0x0000000100000000)
  eden space 232448K, 0% used [0x00000000d5f80000,0x00000000d5f80000,0x00000000e4280000)
  from space 222720K, 75% used [0x00000000e4280000,0x00000000ee5e8778,0x00000000f1c00000)
  to   space 229376K, 0% used [0x00000000f2000000,0x00000000f2000000,0x0000000100000000)
 ParOldGen       total 1377792K, used 947345K [0x0000000081e00000, 0x00000000d5f80000, 0x00000000d5f80000)
  object space 1377792K, 68% used [0x0000000081e00000,0x00000000bbb244c0,0x00000000d5f80000)
 Metaspace       used 27731K, capacity 28758K, committed 29056K, reserved 1075200K
  class space    used 3587K, capacity 3853K, committed 3968K, reserved 1048576K
}
Event: 171.549 GC heap before
{Heap before GC invocations=141 (full 18):
 PSYoungGen      total 455168K, used 399777K [0x00000000d5f80000, 0x0000000100000000, 0x0000000100000000)
  eden space 232448K, 100% used [0x00000000d5f80000,0x00000000e4280000,0x00000000e4280000)
  from space 222720K, 75% used [0x00000000e4280000,0x00000000ee5e8778,0x00000000f1c00000)
  to   space 229376K, 0% used [0x00000000f2000000,0x00000000f2000000,0x0000000100000000)
 ParOldGen       total 1377792K, used 947345K [0x0000000081e00000, 0x00000000d5f80000, 0x00000000d5f80000)
  object space 1377792K, 68% used [0x0000000081e00000,0x00000000bbb244c0,0x00000000d5f80000)
 Metaspace       used 27731K, capacity 28758K, committed 29056K, reserved 1075200K
  class space    used 3587K, capacity 3853K, committed 3968K, reserved 1048576K
Event: 171.727 GC heap after
Heap after GC invocations=141 (full 18):
 PSYoungGen      total 459264K, used 146212K [0x00000000d5f80000, 0x0000000100000000, 0x0000000100000000)
  eden space 229888K, 0% used [0x00000000d5f80000,0x00000000d5f80000,0x00000000e4000000)
  from space 229376K, 63% used [0x00000000f2000000,0x00000000faec91a0,0x0000000100000000)
  to   space 229376K, 0% used [0x00000000e4000000,0x00000000e4000000,0x00000000f2000000)
 ParOldGen       total 1377792K, used 1113162K [0x0000000081e00000, 0x00000000d5f80000, 0x00000000d5f80000)
  object space 1377792K, 80% used [0x0000000081e00000,0x00000000c5d12a88,0x00000000d5f80000)
 Metaspace       used 27731K, capacity 28758K, committed 29056K, reserved 1075200K
  class space    used 3587K, capacity 3853K, committed 3968K, reserved 1048576K
}
Event: 172.555 GC heap before
{Heap before GC invocations=142 (full 18):
 PSYoungGen      total 459264K, used 376100K [0x00000000d5f80000, 0x0000000100000000, 0x0000000100000000)
  eden space 229888K, 100% used [0x00000000d5f80000,0x00000000e4000000,0x00000000e4000000)
  from space 229376K, 63% used [0x00000000f2000000,0x00000000faec91a0,0x0000000100000000)
  to   space 229376K, 0% used [0x00000000e4000000,0x00000000e4000000,0x00000000f2000000)
 ParOldGen       total 1377792K, used 1113162K [0x0000000081e00000, 0x00000000d5f80000, 0x00000000d5f80000)
  object space 1377792K, 80% used [0x0000000081e00000,0x00000000c5d12a88,0x00000000d5f80000)
 Metaspace       used 27731K, capacity 28758K, committed 29056K, reserved 1075200K
  class space    used 3587K, capacity 3853K, committed 3968K, reserved 1048576K
Event: 172.749 GC heap after
Heap after GC invocations=142 (full 18):
 PSYoungGen      total 459264K, used 61984K [0x00000000d5f80000, 0x0000000100000000, 0x0000000100000000)
  eden space 229888K, 0% used [0x00000000d5f80000,0x00000000d5f80000,0x00000000e4000000)
  from space 229376K, 27% used [0x00000000e4000000,0x00000000e7c88000,0x00000000f2000000)
  to   space 229376K, 0% used [0x00000000f2000000,0x00000000f2000000,0x0000000100000000)
 ParOldGen       total 1377792K, used 1257924K [0x0000000081e00000, 0x00000000d5f80000, 0x00000000d5f80000)
  object space 1377792K, 91% used [0x0000000081e00000,0x00000000cea710e8,0x00000000d5f80000)
 Metaspace       used 27731K, capacity 28758K, committed 29056K, reserved 1075200K
  class space    used 3587K, capacity 3853K, committed 3968K, reserved 1048576K
}
Event: 172.749 GC heap before
{Heap before GC invocations=143 (full 19):
 PSYoungGen      total 459264K, used 61984K [0x00000000d5f80000, 0x0000000100000000, 0x0000000100000000)
  eden space 229888K, 0% used [0x00000000d5f80000,0x00000000d5f80000,0x00000000e4000000)
  from space 229376K, 27% used [0x00000000e4000000,0x00000000e7c88000,0x00000000f2000000)
  to   space 229376K, 0% used [0x00000000f2000000,0x00000000f2000000,0x0000000100000000)
 ParOldGen       total 1377792K, used 1257924K [0x0000000081e00000, 0x00000000d5f80000, 0x00000000d5f80000)
  object space 1377792K, 91% used [0x0000000081e00000,0x00000000cea710e8,0x00000000d5f80000)
 Metaspace       used 27731K, capacity 28758K, committed 29056K, reserved 1075200K
  class space    used 3587K, capacity 3853K, committed 3968K, reserved 1048576K

