# JRE version: Java(TM) SE Runtime Environment (8.0_191-b12) (build 1.8.0_191-b12)
# Java VM: Java HotSpot(TM) 64-Bit Server VM (25.191-b12 mixed mode windows-amd64 compressed oops)
Heap:
 PSYoungGen      total 459264K, used 229352K [0x00000000d5f80000, 0x0000000100000000, 0x0000000100000000)
  eden space 229888K, 0% used [0x00000000d5f80000,0x00000000d5f80000,0x00000000e4000000)
  from space 229376K, 99% used [0x00000000f2000000,0x00000000ffffa088,0x0000000100000000)
  to   space 229376K, 0% used [0x00000000e4000000,0x00000000e4000000,0x00000000f2000000)
 ParOldGen       total 538112K, used 537798K [0x0000000081e00000, 0x00000000a2b80000, 0x00000000d5f80000)
  object space 538112K, 99% used [0x0000000081e00000,0x00000000a2b31818,0x00000000a2b80000)
 Metaspace       used 19284K, capacity 19500K, committed 19840K, reserved 1067008K
  class space    used 2521K, capacity 2602K, committed 2688K, reserved 1048576K
GC Heap History (10 events):
Event: 6.245 GC heap after
Heap after GC invocations=18 (full 4):
 PSYoungGen      total 457216K, used 140025K [0x00000000d5f80000, 0x0000000100000000, 0x0000000100000000)
  eden space 229888K, 0% used [0x00000000d5f80000,0x00000000d5f80000,0x00000000e4000000)
  from space 227328K, 61% used [0x00000000f2200000,0x00000000faabe7d0,0x0000000100000000)
  to   space 229376K, 0% used [0x00000000e4000000,0x00000000e4000000,0x00000000f2000000)
 ParOldGen       total 530432K, used 213790K [0x0000000081e00000, 0x00000000a2400000, 0x00000000d5f80000)
  object space 530432K, 40% used [0x0000000081e00000,0x000000008eec7880,0x00000000a2400000)
 Metaspace       used 19215K, capacity 19430K, committed 19840K, reserved 1067008K
  class space    used 2519K, capacity 2601K, committed 2688K, reserved 1048576K
}
Event: 6.481 GC heap before
{Heap before GC invocations=19 (full 4):
 PSYoungGen      total 457216K, used 369913K [0x00000000d5f80000, 0x0000000100000000, 0x0000000100000000)
  eden space 229888K, 100% used [0x00000000d5f80000,0x00000000e4000000,0x00000000e4000000)
  from space 227328K, 61% used [0x00000000f2200000,0x00000000faabe7d0,0x0000000100000000)
  to   space 229376K, 0% used [0x00000000e4000000,0x00000000e4000000,0x00000000f2000000)
 ParOldGen       total 530432K, used 213790K [0x0000000081e00000, 0x00000000a2400000, 0x00000000d5f80000)
  object space 530432K, 40% used [0x0000000081e00000,0x000000008eec7880,0x00000000a2400000)
 Metaspace       used 19215K, capacity 19430K, committed 19840K, reserved 1067008K
  class space    used 2519K, capacity 2601K, committed 2688K, reserved 1048576K
Event: 6.562 GC heap after
Heap after GC invocations=19 (full 4):
 PSYoungGen      total 294912K, used 64960K [0x00000000d5f80000, 0x00000000ff600000, 0x0000000100000000)
  eden space 229888K, 0% used [0x00000000d5f80000,0x00000000d5f80000,0x00000000e4000000)
  from space 65024K, 99% used [0x00000000e4000000,0x00000000e7f70000,0x00000000e7f80000)
  to   space 223232K, 0% used [0x00000000f1c00000,0x00000000f1c00000,0x00000000ff600000)
 ParOldGen       total 530432K, used 342685K [0x0000000081e00000, 0x00000000a2400000, 0x00000000d5f80000)
  object space 530432K, 64% used [0x0000000081e00000,0x0000000096ca7530,0x00000000a2400000)
 Metaspace       used 19215K, capacity 19430K, committed 19840K, reserved 1067008K
  class space    used 2519K, capacity 2601K, committed 2688K, reserved 1048576K
}
Event: 6.813 GC heap before
{Heap before GC invocations=20 (full 4):
 PSYoungGen      total 294912K, used 294848K [0x00000000d5f80000, 0x00000000ff600000, 0x0000000100000000)
  eden space 229888K, 100% used [0x00000000d5f80000,0x00000000e4000000,0x00000000e4000000)
  from space 65024K, 99% used [0x00000000e4000000,0x00000000e7f70000,0x00000000e7f80000)
  to   space 223232K, 0% used [0x00000000f1c00000,0x00000000f1c00000,0x00000000ff600000)
 ParOldGen       total 530432K, used 342685K [0x0000000081e00000, 0x00000000a2400000, 0x00000000d5f80000)
  object space 530432K, 64% used [0x0000000081e00000,0x0000000096ca7530,0x00000000a2400000)
 Metaspace       used 19278K, capacity 19500K, committed 19840K, reserved 1067008K
  class space    used 2521K, capacity 2602K, committed 2688K, reserved 1048576K
Event: 6.865 GC heap after
Heap after GC invocations=20 (full 4):
 PSYoungGen      total 454656K, used 120779K [0x00000000d5f80000, 0x0000000100000000, 0x0000000100000000)
  eden space 231424K, 0% used [0x00000000d5f80000,0x00000000d5f80000,0x00000000e4180000)
  from space 223232K, 54% used [0x00000000f1c00000,0x00000000f91f2e20,0x00000000ff600000)
  to   space 223744K, 0% used [0x00000000e4180000,0x00000000e4180000,0x00000000f1c00000)
 ParOldGen       total 530432K, used 342693K [0x0000000081e00000, 0x00000000a2400000, 0x00000000d5f80000)
  object space 530432K, 64% used [0x0000000081e00000,0x0000000096ca9530,0x00000000a2400000)
 Metaspace       used 19278K, capacity 19500K, committed 19840K, reserved 1067008K
  class space    used 2521K, capacity 2602K, committed 2688K, reserved 1048576K
}
Event: 7.030 GC heap before
{Heap before GC invocations=21 (full 4):
 PSYoungGen      total 454656K, used 352203K [0x00000000d5f80000, 0x0000000100000000, 0x0000000100000000)
  eden space 231424K, 100% used [0x00000000d5f80000,0x00000000e4180000,0x00000000e4180000)
  from space 223232K, 54% used [0x00000000f1c00000,0x00000000f91f2e20,0x00000000ff600000)
  to   space 223744K, 0% used [0x00000000e4180000,0x00000000e4180000,0x00000000f1c00000)
 ParOldGen       total 530432K, used 342693K [0x0000000081e00000, 0x00000000a2400000, 0x00000000d5f80000)
  object space 530432K, 64% used [0x0000000081e00000,0x0000000096ca9530,0x00000000a2400000)
 Metaspace       used 19284K, capacity 19500K, committed 19840K, reserved 1067008K
  class space    used 2521K, capacity 2602K, committed 2688K, reserved 1048576K
Event: 7.090 GC heap after
Heap after GC invocations=21 (full 4):
 PSYoungGen      total 455168K, used 188394K [0x00000000d5f80000, 0x0000000100000000, 0x0000000100000000)
  eden space 231424K, 0% used [0x00000000d5f80000,0x00000000d5f80000,0x00000000e4180000)
  from space 223744K, 84% used [0x00000000e4180000,0x00000000ef97a978,0x00000000f1c00000)
  to   space 229376K, 0% used [0x00000000f2000000,0x00000000f2000000,0x0000000100000000)
 ParOldGen       total 530432K, used 342693K [0x0000000081e00000, 0x00000000a2400000, 0x00000000d5f80000)
  object space 530432K, 64% used [0x0000000081e00000,0x0000000096ca9530,0x00000000a2400000)
 Metaspace       used 19284K, capacity 19500K, committed 19840K, reserved 1067008K
  class space    used 2521K, capacity 2602K, committed 2688K, reserved 1048576K
}
Event: 7.420 GC heap before
{Heap before GC invocations=22 (full 4):
 PSYoungGen      total 455168K, used 419818K [0x00000000d5f80000, 0x0000000100000000, 0x0000000100000000)
  eden space 231424K, 100% used [0x00000000d5f80000,0x00000000e4180000,0x00000000e4180000)
  from space 223744K, 84% used [0x00000000e4180000,0x00000000ef97a978,0x00000000f1c00000)
  to   space 229376K, 0% used [0x00000000f2000000,0x00000000f2000000,0x0000000100000000)
 ParOldGen       total 530432K, used 342693K [0x0000000081e00000, 0x00000000a2400000, 0x00000000d5f80000)
  object space 530432K, 64% used [0x0000000081e00000,0x0000000096ca9530,0x00000000a2400000)
 Metaspace       used 19284K, capacity 19500K, committed 19840K, reserved 1067008K
  class space    used 2521K, capacity 2602K, committed 2688K, reserved 1048576K
Event: 7.538 GC heap after
Heap after GC invocations=22 (full 4):
 PSYoungGen      total 459264K, used 229352K [0x00000000d5f80000, 0x0000000100000000, 0x0000000100000000)
  eden space 229888K, 0% used [0x00000000d5f80000,0x00000000d5f80000,0x00000000e4000000)
  from space 229376K, 99% used [0x00000000f2000000,0x00000000ffffa088,0x0000000100000000)
  to   space 229376K, 0% used [0x00000000e4000000,0x00000000e4000000,0x00000000f2000000)
 ParOldGen       total 538112K, used 537798K [0x0000000081e00000, 0x00000000a2b80000, 0x00000000d5f80000)
  object space 538112K, 99% used [0x0000000081e00000,0x00000000a2b31818,0x00000000a2b80000)
 Metaspace       used 19284K, capacity 19500K, committed 19840K, reserved 1067008K
  class space    used 2521K, capacity 2602K, committed 2688K, reserved 1048576K
}
Event: 7.538 GC heap before
{Heap before GC invocations=23 (full 5):
 PSYoungGen      total 459264K, used 229352K [0x00000000d5f80000, 0x0000000100000000, 0x0000000100000000)
  eden space 229888K, 0% used [0x00000000d5f80000,0x00000000d5f80000,0x00000000e4000000)
  from space 229376K, 99% used [0x00000000f2000000,0x00000000ffffa088,0x0000000100000000)
  to   space 229376K, 0% used [0x00000000e4000000,0x00000000e4000000,0x00000000f2000000)
 ParOldGen       total 538112K, used 537798K [0x0000000081e00000, 0x00000000a2b80000, 0x00000000d5f80000)
  object space 538112K, 99% used [0x0000000081e00000,0x00000000a2b31818,0x00000000a2b80000)
 Metaspace       used 19284K, capacity 19500K, committed 19840K, reserved 1067008K
  class space    used 2521K, capacity 2602K, committed 2688K, reserved 1048576K

