# JRE version: Java(TM) SE Runtime Environment (8.0_191-b12) (build 1.8.0_191-b12)
# Java VM: Java HotSpot(TM) 64-Bit Server VM (25.191-b12 mixed mode windows-amd64 compressed oops)
Heap:
 PSYoungGen      total 459264K, used 424676K [0x00000000d5f80000, 0x0000000100000000, 0x0000000100000000)
  eden space 229888K, 100% used [0x00000000d5f80000,0x00000000e4000000,0x00000000e4000000)
  from space 229376K, 84% used [0x00000000f2000000,0x00000000fde391d0,0x0000000100000000)
  to   space 229376K, 46% used [0x00000000e4000000,0x00000000ea8a83b0,0x00000000f2000000)
 ParOldGen       total 1377792K, used 1154726K [0x0000000081e00000, 0x00000000d5f80000, 0x00000000d5f80000)
  object space 1377792K, 83% used [0x0000000081e00000,0x00000000c85a9ad0,0x00000000d5f80000)
 Metaspace       used 24977K, capacity 25852K, committed 26112K, reserved 1071104K
  class space    used 3306K, capacity 3536K, committed 3584K, reserved 1048576K
GC Heap History (10 events):
Event: 42.158 GC heap after
Heap after GC invocations=100 (full 14):
 PSYoungGen      total 459264K, used 154950K [0x00000000d5f80000, 0x0000000100000000, 0x0000000100000000)
  eden space 229888K, 0% used [0x00000000d5f80000,0x00000000d5f80000,0x00000000e4000000)
  from space 229376K, 67% used [0x00000000f2000000,0x00000000fb751880,0x0000000100000000)
  to   space 229376K, 0% used [0x00000000e4000000,0x00000000e4000000,0x00000000f2000000)
 ParOldGen       total 1377792K, used 643994K [0x0000000081e00000, 0x00000000d5f80000, 0x00000000d5f80000)
  object space 1377792K, 46% used [0x0000000081e00000,0x00000000a92e69b0,0x00000000d5f80000)
 Metaspace       used 24952K, capacity 25852K, committed 26112K, reserved 1071104K
  class space    used 3306K, capacity 3536K, committed 3584K, reserved 1048576K
}
Event: 42.827 GC heap before
{Heap before GC invocations=101 (full 14):
 PSYoungGen      total 459264K, used 384838K [0x00000000d5f80000, 0x0000000100000000, 0x0000000100000000)
  eden space 229888K, 100% used [0x00000000d5f80000,0x00000000e4000000,0x00000000e4000000)
  from space 229376K, 67% used [0x00000000f2000000,0x00000000fb751880,0x0000000100000000)
  to   space 229376K, 0% used [0x00000000e4000000,0x00000000e4000000,0x00000000f2000000)
 ParOldGen       total 1377792K, used 643994K [0x0000000081e00000, 0x00000000d5f80000, 0x00000000d5f80000)
  object space 1377792K, 46% used [0x0000000081e00000,0x00000000a92e69b0,0x00000000d5f80000)
 Metaspace       used 24952K, capacity 25852K, committed 26112K, reserved 1071104K
  class space    used 3306K, capacity 3536K, committed 3584K, reserved 1048576K
Event: 42.960 GC heap after
Heap after GC invocations=101 (full 14):
 PSYoungGen      total 459264K, used 64928K [0x00000000d5f80000, 0x0000000100000000, 0x0000000100000000)
  eden space 229888K, 0% used [0x00000000d5f80000,0x00000000d5f80000,0x00000000e4000000)
  from space 229376K, 28% used [0x00000000e4000000,0x00000000e7f68000,0x00000000f2000000)
  to   space 229376K, 0% used [0x00000000f2000000,0x00000000f2000000,0x0000000100000000)
 ParOldGen       total 1377792K, used 789563K [0x0000000081e00000, 0x00000000d5f80000, 0x00000000d5f80000)
  object space 1377792K, 57% used [0x0000000081e00000,0x00000000b210ef20,0x00000000d5f80000)
 Metaspace       used 24952K, capacity 25852K, committed 26112K, reserved 1071104K
  class space    used 3306K, capacity 3536K, committed 3584K, reserved 1048576K
}
Event: 43.582 GC heap before
{Heap before GC invocations=102 (full 14):
 PSYoungGen      total 459264K, used 294816K [0x00000000d5f80000, 0x0000000100000000, 0x0000000100000000)
  eden space 229888K, 100% used [0x00000000d5f80000,0x00000000e4000000,0x00000000e4000000)
  from space 229376K, 28% used [0x00000000e4000000,0x00000000e7f68000,0x00000000f2000000)
  to   space 229376K, 0% used [0x00000000f2000000,0x00000000f2000000,0x0000000100000000)
 ParOldGen       total 1377792K, used 789563K [0x0000000081e00000, 0x00000000d5f80000, 0x00000000d5f80000)
  object space 1377792K, 57% used [0x0000000081e00000,0x00000000b210ef20,0x00000000d5f80000)
 Metaspace       used 24977K, capacity 25852K, committed 26112K, reserved 1071104K
  class space    used 3306K, capacity 3536K, committed 3584K, reserved 1048576K
Event: 43.686 GC heap after
Heap after GC invocations=102 (full 14):
 PSYoungGen      total 459264K, used 73070K [0x00000000d5f80000, 0x0000000100000000, 0x0000000100000000)
  eden space 229888K, 0% used [0x00000000d5f80000,0x00000000d5f80000,0x00000000e4000000)
  from space 229376K, 31% used [0x00000000f2000000,0x00000000f675b9f0,0x0000000100000000)
  to   space 229376K, 0% used [0x00000000e4000000,0x00000000e4000000,0x00000000f2000000)
 ParOldGen       total 1377792K, used 854587K [0x0000000081e00000, 0x00000000d5f80000, 0x00000000d5f80000)
  object space 1377792K, 62% used [0x0000000081e00000,0x00000000b608ef20,0x00000000d5f80000)
 Metaspace       used 24977K, capacity 25852K, committed 26112K, reserved 1071104K
  class space    used 3306K, capacity 3536K, committed 3584K, reserved 1048576K
}
Event: 43.914 GC heap before
{Heap before GC invocations=103 (full 14):
 PSYoungGen      total 459264K, used 302958K [0x00000000d5f80000, 0x0000000100000000, 0x0000000100000000)
  eden space 229888K, 100% used [0x00000000d5f80000,0x00000000e4000000,0x00000000e4000000)
  from space 229376K, 31% used [0x00000000f2000000,0x00000000f675b9f0,0x0000000100000000)
  to   space 229376K, 0% used [0x00000000e4000000,0x00000000e4000000,0x00000000f2000000)
 ParOldGen       total 1377792K, used 854587K [0x0000000081e00000, 0x00000000d5f80000, 0x00000000d5f80000)
  object space 1377792K, 62% used [0x0000000081e00000,0x00000000b608ef20,0x00000000d5f80000)
 Metaspace       used 24977K, capacity 25852K, committed 26112K, reserved 1071104K
  class space    used 3306K, capacity 3536K, committed 3584K, reserved 1048576K
Event: 43.984 GC heap after
Heap after GC invocations=103 (full 14):
 PSYoungGen      total 459264K, used 7739K [0x00000000d5f80000, 0x0000000100000000, 0x0000000100000000)
  eden space 229888K, 0% used [0x00000000d5f80000,0x00000000d5f80000,0x00000000e4000000)
  from space 229376K, 3% used [0x00000000e4000000,0x00000000e478ee68,0x00000000f2000000)
  to   space 229376K, 0% used [0x00000000f2000000,0x00000000f2000000,0x0000000100000000)
 ParOldGen       total 1377792K, used 950334K [0x0000000081e00000, 0x00000000d5f80000, 0x00000000d5f80000)
  object space 1377792K, 68% used [0x0000000081e00000,0x00000000bbe0f918,0x00000000d5f80000)
 Metaspace       used 24977K, capacity 25852K, committed 26112K, reserved 1071104K
  class space    used 3306K, capacity 3536K, committed 3584K, reserved 1048576K
}
Event: 44.620 GC heap before
{Heap before GC invocations=104 (full 14):
 PSYoungGen      total 459264K, used 237627K [0x00000000d5f80000, 0x0000000100000000, 0x0000000100000000)
  eden space 229888K, 100% used [0x00000000d5f80000,0x00000000e4000000,0x00000000e4000000)
  from space 229376K, 3% used [0x00000000e4000000,0x00000000e478ee68,0x00000000f2000000)
  to   space 229376K, 0% used [0x00000000f2000000,0x00000000f2000000,0x0000000100000000)
 ParOldGen       total 1377792K, used 950334K [0x0000000081e00000, 0x00000000d5f80000, 0x00000000d5f80000)
  object space 1377792K, 68% used [0x0000000081e00000,0x00000000bbe0f918,0x00000000d5f80000)
 Metaspace       used 24977K, capacity 25852K, committed 26112K, reserved 1071104K
  class space    used 3306K, capacity 3536K, committed 3584K, reserved 1048576K
Event: 44.708 GC heap after
Heap after GC invocations=104 (full 14):
 PSYoungGen      total 459264K, used 194788K [0x00000000d5f80000, 0x0000000100000000, 0x0000000100000000)
  eden space 229888K, 0% used [0x00000000d5f80000,0x00000000d5f80000,0x00000000e4000000)
  from space 229376K, 84% used [0x00000000f2000000,0x00000000fde391d0,0x0000000100000000)
  to   space 229376K, 0% used [0x00000000e4000000,0x00000000e4000000,0x00000000f2000000)
 ParOldGen       total 1377792K, used 957993K [0x0000000081e00000, 0x00000000d5f80000, 0x00000000d5f80000)
  object space 1377792K, 69% used [0x0000000081e00000,0x00000000bc58a780,0x00000000d5f80000)
 Metaspace       used 24977K, capacity 25852K, committed 26112K, reserved 1071104K
  class space    used 3306K, capacity 3536K, committed 3584K, reserved 1048576K
}
Event: 45.446 GC heap before
{Heap before GC invocations=105 (full 14):
 PSYoungGen      total 459264K, used 424676K [0x00000000d5f80000, 0x0000000100000000, 0x0000000100000000)
  eden space 229888K, 100% used [0x00000000d5f80000,0x00000000e4000000,0x00000000e4000000)
  from space 229376K, 84% used [0x00000000f2000000,0x00000000fde391d0,0x0000000100000000)
  to   space 229376K, 0% used [0x00000000e4000000,0x00000000e4000000,0x00000000f2000000)
 ParOldGen       total 1377792K, used 957993K [0x0000000081e00000, 0x00000000d5f80000, 0x00000000d5f80000)
  object space 1377792K, 69% used [0x0000000081e00000,0x00000000bc58a780,0x00000000d5f80000)
 Metaspace       used 24977K, capacity 25852K, committed 26112K, reserved 1071104K
  class space    used 3306K, capacity 3536K, committed 3584K, reserved 1048576K

