# JRE version: Java(TM) SE Runtime Environment (8.0_191-b12) (build 1.8.0_191-b12)
# Java VM: Java HotSpot(TM) 64-Bit Server VM (25.191-b12 mixed mode windows-amd64 compressed oops)
Heap:
 PSYoungGen      total 459264K, used 283058K [0x00000000d5f80000, 0x0000000100000000, 0x0000000100000000)
  eden space 229888K, 95% used [0x00000000d5f80000,0x00000000e369c898,0x00000000e4000000)
  from space 229376K, 27% used [0x00000000f2000000,0x00000000f5d50000,0x0000000100000000)
  to   space 229376K, 32% used [0x00000000e4000000,0x00000000e893bb70,0x00000000f2000000)
 ParOldGen       total 1251328K, used 848685K [0x0000000081e00000, 0x00000000ce400000, 0x00000000d5f80000)
  object space 1251328K, 67% used [0x0000000081e00000,0x00000000b5acb410,0x00000000ce400000)
 Metaspace       used 35857K, capacity 37036K, committed 37376K, reserved 1081344K
  class space    used 4496K, capacity 4772K, committed 4864K, reserved 1048576K
GC Heap History (10 events):
Event: 162.571 GC heap after
Heap after GC invocations=105 (full 17):
 PSYoungGen      total 453120K, used 61872K [0x00000000d5f80000, 0x00000000ffa00000, 0x0000000100000000)
  eden space 229888K, 0% used [0x00000000d5f80000,0x00000000d5f80000,0x00000000e4000000)
  from space 223232K, 27% used [0x00000000f2000000,0x00000000f5c6c350,0x00000000ffa00000)
  to   space 226304K, 0% used [0x00000000e4000000,0x00000000e4000000,0x00000000f1d00000)
 ParOldGen       total 1251328K, used 375448K [0x0000000081e00000, 0x00000000ce400000, 0x00000000d5f80000)
  object space 1251328K, 30% used [0x0000000081e00000,0x0000000098ca6030,0x00000000ce400000)
 Metaspace       used 35825K, capacity 37018K, committed 37120K, reserved 1081344K
  class space    used 4494K, capacity 4769K, committed 4864K, reserved 1048576K
}
Event: 162.830 GC heap before
{Heap before GC invocations=106 (full 17):
 PSYoungGen      total 453120K, used 291760K [0x00000000d5f80000, 0x00000000ffa00000, 0x0000000100000000)
  eden space 229888K, 100% used [0x00000000d5f80000,0x00000000e4000000,0x00000000e4000000)
  from space 223232K, 27% used [0x00000000f2000000,0x00000000f5c6c350,0x00000000ffa00000)
  to   space 226304K, 0% used [0x00000000e4000000,0x00000000e4000000,0x00000000f1d00000)
 ParOldGen       total 1251328K, used 375448K [0x0000000081e00000, 0x00000000ce400000, 0x00000000d5f80000)
  object space 1251328K, 30% used [0x0000000081e00000,0x0000000098ca6030,0x00000000ce400000)
 Metaspace       used 35855K, capacity 37036K, committed 37376K, reserved 1081344K
  class space    used 4496K, capacity 4772K, committed 4864K, reserved 1048576K
Event: 162.878 GC heap after
Heap after GC invocations=106 (full 17):
 PSYoungGen      total 456192K, used 32360K [0x00000000d5f80000, 0x00000000ffc00000, 0x0000000100000000)
  eden space 229888K, 0% used [0x00000000d5f80000,0x00000000d5f80000,0x00000000e4000000)
  from space 226304K, 14% used [0x00000000e4000000,0x00000000e5f9a1d8,0x00000000f1d00000)
  to   space 222720K, 0% used [0x00000000f2280000,0x00000000f2280000,0x00000000ffc00000)
 ParOldGen       total 1251328K, used 437388K [0x0000000081e00000, 0x00000000ce400000, 0x00000000d5f80000)
  object space 1251328K, 34% used [0x0000000081e00000,0x000000009c9231c8,0x00000000ce400000)
 Metaspace       used 35855K, capacity 37036K, committed 37376K, reserved 1081344K
  class space    used 4496K, capacity 4772K, committed 4864K, reserved 1048576K
}
Event: 163.222 GC heap before
{Heap before GC invocations=107 (full 17):
 PSYoungGen      total 456192K, used 262248K [0x00000000d5f80000, 0x00000000ffc00000, 0x0000000100000000)
  eden space 229888K, 100% used [0x00000000d5f80000,0x00000000e4000000,0x00000000e4000000)
  from space 226304K, 14% used [0x00000000e4000000,0x00000000e5f9a1d8,0x00000000f1d00000)
  to   space 222720K, 0% used [0x00000000f2280000,0x00000000f2280000,0x00000000ffc00000)
 ParOldGen       total 1251328K, used 437388K [0x0000000081e00000, 0x00000000ce400000, 0x00000000d5f80000)
  object space 1251328K, 34% used [0x0000000081e00000,0x000000009c9231c8,0x00000000ce400000)
 Metaspace       used 35855K, capacity 37036K, committed 37376K, reserved 1081344K
  class space    used 4496K, capacity 4772K, committed 4864K, reserved 1048576K
Event: 163.264 GC heap after
Heap after GC invocations=107 (full 17):
 PSYoungGen      total 455680K, used 136767K [0x00000000d5f80000, 0x0000000100000000, 0x0000000100000000)
  eden space 232960K, 0% used [0x00000000d5f80000,0x00000000d5f80000,0x00000000e4300000)
  from space 222720K, 61% used [0x00000000f2280000,0x00000000fa80fe18,0x00000000ffc00000)
  to   space 227840K, 0% used [0x00000000e4300000,0x00000000e4300000,0x00000000f2180000)
 ParOldGen       total 1251328K, used 492236K [0x0000000081e00000, 0x00000000ce400000, 0x00000000d5f80000)
  object space 1251328K, 39% used [0x0000000081e00000,0x000000009feb31a8,0x00000000ce400000)
 Metaspace       used 35855K, capacity 37036K, committed 37376K, reserved 1081344K
  class space    used 4496K, capacity 4772K, committed 4864K, reserved 1048576K
}
Event: 163.682 GC heap before
{Heap before GC invocations=108 (full 17):
 PSYoungGen      total 455680K, used 369727K [0x00000000d5f80000, 0x0000000100000000, 0x0000000100000000)
  eden space 232960K, 100% used [0x00000000d5f80000,0x00000000e4300000,0x00000000e4300000)
  from space 222720K, 61% used [0x00000000f2280000,0x00000000fa80fe18,0x00000000ffc00000)
  to   space 227840K, 0% used [0x00000000e4300000,0x00000000e4300000,0x00000000f2180000)
 ParOldGen       total 1251328K, used 492236K [0x0000000081e00000, 0x00000000ce400000, 0x00000000d5f80000)
  object space 1251328K, 39% used [0x0000000081e00000,0x000000009feb31a8,0x00000000ce400000)
 Metaspace       used 35855K, capacity 37036K, committed 37376K, reserved 1081344K
  class space    used 4496K, capacity 4772K, committed 4864K, reserved 1048576K
Event: 163.771 GC heap after
Heap after GC invocations=108 (full 17):
 PSYoungGen      total 390144K, used 157091K [0x00000000d5f80000, 0x0000000100000000, 0x0000000100000000)
  eden space 232960K, 0% used [0x00000000d5f80000,0x00000000d5f80000,0x00000000e4300000)
  from space 157184K, 99% used [0x00000000e4300000,0x00000000edc68e90,0x00000000edc80000)
  to   space 229376K, 0% used [0x00000000f2000000,0x00000000f2000000,0x0000000100000000)
 ParOldGen       total 1251328K, used 624394K [0x0000000081e00000, 0x00000000ce400000, 0x00000000d5f80000)
  object space 1251328K, 49% used [0x0000000081e00000,0x00000000a7fc2b10,0x00000000ce400000)
 Metaspace       used 35855K, capacity 37036K, committed 37376K, reserved 1081344K
  class space    used 4496K, capacity 4772K, committed 4864K, reserved 1048576K
}
Event: 164.110 GC heap before
{Heap before GC invocations=109 (full 17):
 PSYoungGen      total 390144K, used 390051K [0x00000000d5f80000, 0x0000000100000000, 0x0000000100000000)
  eden space 232960K, 100% used [0x00000000d5f80000,0x00000000e4300000,0x00000000e4300000)
  from space 157184K, 99% used [0x00000000e4300000,0x00000000edc68e90,0x00000000edc80000)
  to   space 229376K, 0% used [0x00000000f2000000,0x00000000f2000000,0x0000000100000000)
 ParOldGen       total 1251328K, used 624394K [0x0000000081e00000, 0x00000000ce400000, 0x00000000d5f80000)
  object space 1251328K, 49% used [0x0000000081e00000,0x00000000a7fc2b10,0x00000000ce400000)
 Metaspace       used 35855K, capacity 37036K, committed 37376K, reserved 1081344K
  class space    used 4496K, capacity 4772K, committed 4864K, reserved 1048576K
Event: 164.215 GC heap after
Heap after GC invocations=109 (full 17):
 PSYoungGen      total 459264K, used 62784K [0x00000000d5f80000, 0x0000000100000000, 0x0000000100000000)
  eden space 229888K, 0% used [0x00000000d5f80000,0x00000000d5f80000,0x00000000e4000000)
  from space 229376K, 27% used [0x00000000f2000000,0x00000000f5d50000,0x0000000100000000)
  to   space 229376K, 0% used [0x00000000e4000000,0x00000000e4000000,0x00000000f2000000)
 ParOldGen       total 1251328K, used 785845K [0x0000000081e00000, 0x00000000ce400000, 0x00000000d5f80000)
  object space 1251328K, 62% used [0x0000000081e00000,0x00000000b1d6d410,0x00000000ce400000)
 Metaspace       used 35855K, capacity 37036K, committed 37376K, reserved 1081344K
  class space    used 4496K, capacity 4772K, committed 4864K, reserved 1048576K
}
Event: 164.596 GC heap before
{Heap before GC invocations=110 (full 17):
 PSYoungGen      total 459264K, used 283058K [0x00000000d5f80000, 0x0000000100000000, 0x0000000100000000)
  eden space 229888K, 95% used [0x00000000d5f80000,0x00000000e369c898,0x00000000e4000000)
  from space 229376K, 27% used [0x00000000f2000000,0x00000000f5d50000,0x0000000100000000)
  to   space 229376K, 0% used [0x00000000e4000000,0x00000000e4000000,0x00000000f2000000)
 ParOldGen       total 1251328K, used 785845K [0x0000000081e00000, 0x00000000ce400000, 0x00000000d5f80000)
  object space 1251328K, 62% used [0x0000000081e00000,0x00000000b1d6d410,0x00000000ce400000)
 Metaspace       used 35857K, capacity 37036K, committed 37376K, reserved 1081344K
  class space    used 4496K, capacity 4772K, committed 4864K, reserved 1048576K

